<?xml version="1.0" encoding="UTF-8"?>
<testng-results ignored="0" total="1" passed="1" failed="0" skipped="0">
  <reporter-output>
  </reporter-output>
  <suite started-at="2024-09-11T21:15:20 IST" name="Default suite" finished-at="2024-09-11T21:15:22 IST" duration-ms="1946">
    <groups>
    </groups>
    <test started-at="2024-09-11T21:15:20 IST" name="Default test" finished-at="2024-09-11T21:15:22 IST" duration-ms="1946">
      <class name="test.JSONSchemaValidator">
        <test-method signature="testGet()[pri:0, instance:test.JSONSchemaValidator@368247b9]" started-at="2024-09-11T21:15:20 IST" name="testGet" finished-at="2024-09-11T21:15:22 IST" duration-ms="1906" status="PASS">
          <reporter-output>
          </reporter-output>
        </test-method> <!-- testGet -->
      </class> <!-- test.JSONSchemaValidator -->
    </test> <!-- Default test -->
  </suite> <!-- Default suite -->
</testng-results>
